2024-08-11 23:23:32,373 - cashcam - INFO - Unknown level '20': Server started.
2024-08-11 23:23:46,481 - cashcam - INFO - Unknown level '20': Server started.
2024-08-11 23:24:16,899 - cashcam - INFO - Unknown level '40': Error in prediction - Error in detecting and classifying objects - argument of type 'coroutine' is not iterable
2024-08-11 23:27:27,235 - cashcam - INFO - Unknown level '20': Server shut down.
2024-08-11 23:53:01,948 - cashcam - INFO - Unknown level '20': Server started.
2024-08-11 23:53:30,760 - cashcam - INFO - Unknown level '40': Error in prediction - Error in detecting and classifying objects - argument of type 'coroutine' is not iterable
2024-08-11 23:54:01,772 - cashcam - INFO - Unknown level '20': Server shut down.
2024-08-11 23:55:59,937 - cashcam - INFO - Unknown level '20': Server started.
2024-08-11 23:57:01,049 - cashcam - INFO - Unknown level '20': Detected 3 objects
2024-08-11 23:57:04,082 - cashcam - INFO - Unknown level '20': Classified 3 objects
2024-08-11 23:57:04,082 - cashcam - INFO - Unknown level '20': Annotated image
2024-08-11 23:57:04,082 - cashcam - INFO - Unknown level '40': Error in prediction - Error in detecting and classifying objects - argument of type 'coroutine' is not iterable
2024-08-12 00:14:02,635 - cashcam - INFO - Unknown level '20': Server shut down.
2024-08-12 00:14:24,023 - cashcam - INFO - Unknown level '20': Server started.
2024-08-12 00:14:33,678 - cashcam - INFO - Unknown level '20': Detected 3 objects
2024-08-12 00:14:36,643 - cashcam - INFO - Unknown level '20': Classified 3 objects
2024-08-12 00:14:36,659 - cashcam - INFO - Unknown level '20': Annotated image
2024-08-12 00:14:36,659 - cashcam - INFO - Unknown level '20': Calculated exchange rates started
2024-08-12 00:14:36,659 - cashcam - INFO - Unknown level '20': Calculated exchange rates got exchange rates
2024-08-12 00:14:36,659 - cashcam - INFO - Unknown level '40': Error in prediction - Error in detecting and classifying objects - argument of type 'coroutine' is not iterable
2024-08-12 00:16:35,271 - cashcam - INFO - Unknown level '20': Server shut down.
2024-08-12 00:16:52,178 - cashcam - INFO - Unknown level '20': Server started.
2024-08-12 00:17:13,130 - cashcam - INFO - Unknown level '20': Detected 3 objects
2024-08-12 00:17:16,302 - cashcam - INFO - Unknown level '20': Classified 3 objects
2024-08-12 00:17:16,315 - cashcam - INFO - Unknown level '20': Annotated image
2024-08-12 00:17:16,316 - cashcam - INFO - Unknown level '40': Error in prediction - Error in detecting and classifying objects - argument of type 'coroutine' is not iterable
2024-08-12 00:19:13,967 - cashcam - INFO - Unknown level '20': Server shut down.
2024-08-12 00:19:27,274 - cashcam - INFO - Unknown level '20': Server started.
2024-08-12 00:19:45,241 - cashcam - INFO - Unknown level '20': Detected 3 objects
2024-08-12 00:19:48,265 - cashcam - INFO - Unknown level '20': Classified 3 objects
2024-08-12 00:19:48,265 - cashcam - INFO - Unknown level '20': Annotated image
2024-08-12 00:19:48,265 - cashcam - INFO - Unknown level '20': 1
2024-08-12 00:19:48,281 - cashcam - INFO - Unknown level '20': 2
2024-08-12 00:19:48,281 - cashcam - INFO - Unknown level '20': 3
2024-08-12 00:19:48,281 - cashcam - INFO - Unknown level '40': Error in prediction - Error in detecting and classifying objects - argument of type 'coroutine' is not iterable
2024-08-12 00:23:36,108 - cashcam - INFO - Unknown level '20': Server shut down.
2024-08-12 00:23:48,724 - cashcam - INFO - Unknown level '20': Server started.
2024-08-12 00:23:56,700 - cashcam - INFO - Unknown level '40': General error - 'ExchangeRateService' object has no attribute 'CURRENCIES'
2024-08-12 00:24:59,173 - cashcam - INFO - Unknown level '20': Server shut down.
2024-08-12 00:25:18,120 - cashcam - INFO - Unknown level '20': Server started.
2024-08-12 00:25:42,931 - cashcam - INFO - Unknown level '20': Detected 3 objects
2024-08-12 00:25:45,963 - cashcam - INFO - Unknown level '20': Classified 3 objects
2024-08-12 00:25:45,973 - cashcam - INFO - Unknown level '20': Annotated image
2024-08-12 00:25:45,974 - cashcam - INFO - Unknown level '20': {'EUR_C_200': 1, 'NIS_C_500': 1, 'Unknown': 1} - USD
2024-08-12 00:25:45,974 - cashcam - INFO - Unknown level '20': 4
2024-08-12 00:25:45,975 - cashcam - INFO - Unknown level '40': Error in prediction - Error in detecting and classifying objects - argument of type 'coroutine' is not iterable
2024-08-12 09:49:00,593 - cashcam - INFO - Unknown level '20': Server shut down.
2024-08-12 09:49:19,716 - cashcam - INFO - Unknown level '20': Server started.
2024-08-12 09:49:50,271 - cashcam - INFO - Unknown level '20': Detected 3 objects
2024-08-12 09:49:53,296 - cashcam - INFO - Unknown level '20': Classified 3 objects
2024-08-12 09:49:53,306 - cashcam - INFO - Unknown level '20': Annotated image
2024-08-12 09:49:53,307 - cashcam - INFO - Unknown level '40': Error in prediction - Error in detecting and classifying objects - list index out of range
2024-08-12 10:01:13,289 - cashcam - INFO - Unknown level '20': Server shut down.
2024-08-12 10:02:25,108 - cashcam - INFO - Unknown level '20': Server started.
2024-08-12 10:02:33,380 - cashcam - INFO - Unknown level '20': Detected 3 objects
2024-08-12 10:02:36,399 - cashcam - INFO - Unknown level '20': Classified 3 objects
2024-08-12 10:02:36,410 - cashcam - INFO - Unknown level '20': Annotated image
2024-08-12 10:02:36,411 - cashcam - INFO - Unknown level '20': 1
2024-08-12 10:02:36,411 - cashcam - INFO - Unknown level '40': Error in prediction - Error in detecting and classifying objects - list index out of range
2024-08-12 10:04:09,063 - cashcam - INFO - Unknown level '20': Server shut down.
2024-08-12 10:04:21,708 - cashcam - INFO - Unknown level '20': Server started.
2024-08-12 10:04:47,148 - cashcam - INFO - Unknown level '20': Detected 3 objects
2024-08-12 10:04:50,191 - cashcam - INFO - Unknown level '20': Classified 3 objects
2024-08-12 10:04:50,204 - cashcam - INFO - Unknown level '20': Annotated image
2024-08-12 10:04:50,204 - cashcam - INFO - Unknown level '20': Classified objects: [('2 Euro', 0.9782236), ('5 NIS', 0.9456525), ('Unknown', 0.0)]
2024-08-12 10:04:50,205 - cashcam - INFO - Unknown level '20': Counts: {'2 Euro': 1, '5 NIS': 1, 'Unknown': 1}
2024-08-12 10:04:50,205 - cashcam - INFO - Unknown level '40': Error in prediction - Error in detecting and classifying objects - list index out of range
2024-08-12 10:08:15,999 - cashcam - INFO - Unknown level '20': Server shut down.
2024-08-12 10:27:30,836 - cashcam - INFO - Unknown level '20': Server started.
2024-08-12 10:27:39,811 - cashcam - INFO - Unknown level '20': Detected 3 objects
2024-08-12 10:27:42,877 - cashcam - INFO - Unknown level '20': Classified 3 objects
2024-08-12 10:27:42,893 - cashcam - INFO - Unknown level '20': Annotated image
2024-08-12 10:27:42,894 - cashcam - INFO - Unknown level '20': Classified objects: [('2 Euro', 0.9782236), ('5 NIS', 0.9456525), ('Unknown', 0.0)]
2024-08-12 10:27:42,894 - cashcam - INFO - Unknown level '20': Counts: {'2 Euro': 1, '5 NIS': 1, 'Unknown': 1}
2024-08-12 10:27:42,894 - cashcam - INFO - Unknown level '20': Detected: {'EUR_C_200': (1, 2.0), 'NIS_C_500': (1, 5.0)}
2024-08-12 10:27:42,895 - cashcam - INFO - Unknown level '20': {'EUR_C_200': (1, 2.0), 'NIS_C_500': (1, 5.0)} - USD
2024-08-12 10:27:42,895 - cashcam - INFO - Unknown level '40': Error in prediction - Error in detecting and classifying objects - argument of type 'coroutine' is not iterable
2024-08-12 10:31:49,962 - cashcam - INFO - Unknown level '20': Server shut down.
2024-08-12 10:31:56,999 - cashcam - INFO - Unknown level '20': Server started.
2024-08-12 10:32:07,983 - cashcam - INFO - Unknown level '20': Detected 3 objects
2024-08-12 10:32:11,070 - cashcam - INFO - Unknown level '20': Classified 3 objects
2024-08-12 10:32:11,080 - cashcam - INFO - Unknown level '20': Annotated image
2024-08-12 10:32:11,080 - cashcam - INFO - Unknown level '20': Classified objects: [('2 Euro', 0.9782236), ('5 NIS', 0.9456525), ('Unknown', 0.0)]
2024-08-12 10:32:11,081 - cashcam - INFO - Unknown level '20': Counts: {'2 Euro': 1, '5 NIS': 1, 'Unknown': 1}
2024-08-12 10:32:11,081 - cashcam - INFO - Unknown level '20': Detected: {'EUR_C_200': CurrencyInfo(quantity=1, return_currency_value=2.0), 'NIS_C_500': CurrencyInfo(quantity=1, return_currency_value=5.0)}
2024-08-12 10:32:11,081 - cashcam - INFO - Unknown level '20': Exchange rates: <coroutine object ExchangeRateService.get_exchange_rates at 0x000001800B80F9F0>
2024-08-12 10:32:11,082 - cashcam - INFO - Unknown level '20': {'EUR_C_200': CurrencyInfo(quantity=1, return_currency_value=2.0), 'NIS_C_500': CurrencyInfo(quantity=1, return_currency_value=5.0)} - USD
2024-08-12 10:32:11,082 - cashcam - INFO - Unknown level '20': Calculated exchange rates
2024-08-12 10:32:11,085 - cashcam - INFO - Unknown level '20': Detected currencies with exchange rates added: {}
2024-08-12 10:37:22,537 - cashcam - INFO - Unknown level '20': Server shut down.
2024-08-12 10:37:30,869 - cashcam - INFO - Unknown level '20': Server started.
2024-08-12 10:37:45,394 - cashcam - INFO - Unknown level '20': Detected 3 objects
2024-08-12 10:37:48,492 - cashcam - INFO - Unknown level '20': Classified 3 objects
2024-08-12 10:37:48,503 - cashcam - INFO - Unknown level '20': Annotated image
2024-08-12 10:37:48,503 - cashcam - INFO - Unknown level '20': Classified objects: [('2 Euro', 0.9782236), ('5 NIS', 0.9456525), ('Unknown', 0.0)]
2024-08-12 10:37:48,504 - cashcam - INFO - Unknown level '20': Counts: {'2 Euro': 1, '5 NIS': 1, 'Unknown': 1}
2024-08-12 10:37:48,504 - cashcam - INFO - Unknown level '20': Detected: {'EUR_C_200': CurrencyInfo(quantity=1, return_currency_value=2.0), 'NIS_C_500': CurrencyInfo(quantity=1, return_currency_value=5.0)}
2024-08-12 10:37:48,504 - cashcam - INFO - Unknown level '20': Exchange rates: <coroutine object ExchangeRateService.get_exchange_rates at 0x000002F99EAAF9F0>
2024-08-12 10:37:48,505 - cashcam - INFO - Unknown level '20': {'EUR_C_200': CurrencyInfo(quantity=1, return_currency_value=2.0), 'NIS_C_500': CurrencyInfo(quantity=1, return_currency_value=5.0)} - USD
2024-08-12 10:37:48,505 - cashcam - INFO - Unknown level '20': Calculated exchange rates
2024-08-12 10:37:48,507 - cashcam - INFO - Unknown level '20': Detected currencies with exchange rates added: {}
2024-08-12 10:42:15,378 - cashcam - INFO - Unknown level '20': Server shut down.
2024-08-12 10:42:25,289 - cashcam - INFO - Unknown level '20': Server started.
2024-08-12 10:42:32,283 - cashcam - INFO - Unknown level '20': Detected 3 objects
2024-08-12 10:42:35,563 - cashcam - INFO - Unknown level '20': Classified 3 objects
2024-08-12 10:42:35,573 - cashcam - INFO - Unknown level '20': Exchange rates: <coroutine object ExchangeRateService.get_exchange_rates at 0x0000026862F9C660>
2024-08-12 10:42:35,574 - cashcam - INFO - Unknown level '20': {'EUR_C_200': CurrencyInfo(quantity=1, return_currency_value=2.0), 'NIS_C_500': CurrencyInfo(quantity=1, return_currency_value=5.0)} - USD
2024-08-12 10:42:35,574 - cashcam - INFO - Unknown level '40': Error in prediction - Error in detecting and classifying objects - argument of type 'coroutine' is not iterable
2024-08-12 10:49:04,029 - cashcam - INFO - Unknown level '20': Server shut down.
2024-08-12 10:49:27,740 - cashcam - INFO - Unknown level '20': Server started.
2024-08-12 10:49:35,110 - cashcam - INFO - Unknown level '20': Detected 3 objects
2024-08-12 10:49:38,127 - cashcam - INFO - Unknown level '20': Classified 3 objects
2024-08-12 10:49:38,138 - cashcam - INFO - Unknown level '20': Detected currencies with exchange rates added: <coroutine object MyModel.calculate_return_currency_value at 0x00000283A737D340>
2024-08-12 10:49:38,147 - cashcam - INFO - Unknown level '40': Error in prediction - 1 validation error for PredictResponse
currencies
  Input should be a valid dictionary [type=dict_type, input_value=<coroutine object MyModel...e at 0x00000283A737D340>, input_type=coroutine]
    For further information visit https://errors.pydantic.dev/2.5/v/dict_type
2024-08-12 10:58:11,071 - cashcam - INFO - Unknown level '20': Server shut down.
2024-08-12 10:58:23,014 - cashcam - INFO - Unknown level '20': Server started.
2024-08-12 10:58:31,707 - cashcam - INFO - Unknown level '20': Detected 3 objects
2024-08-12 10:58:34,780 - cashcam - INFO - Unknown level '20': Classified 3 objects
2024-08-12 10:58:34,791 - cashcam - INFO - Unknown level '50': Error in calculating the return currency value - asyncio.run() cannot be called from a running event loop
2024-08-12 10:58:34,792 - cashcam - INFO - Unknown level '40': Error in prediction - Error in detecting and classifying objects - asyncio.run() cannot be called from a running event loop
2024-08-12 10:58:48,780 - cashcam - INFO - Unknown level '20': Server shut down.
2024-08-12 10:59:36,984 - cashcam - INFO - Unknown level '20': Server started.
2024-08-12 10:59:43,826 - cashcam - INFO - Unknown level '20': Detected 3 objects
2024-08-12 10:59:46,806 - cashcam - INFO - Unknown level '20': Classified 3 objects
2024-08-12 10:59:46,817 - cashcam - INFO - Unknown level '50': Error in calculating the return currency value - This event loop is already running
2024-08-12 10:59:46,818 - cashcam - INFO - Unknown level '40': Error in prediction - Error in detecting and classifying objects - This event loop is already running
2024-08-12 11:03:18,140 - cashcam - INFO - Unknown level '20': Server shut down.
2024-08-12 11:03:38,377 - cashcam - INFO - Unknown level '20': Server started.
2024-08-12 11:03:50,749 - cashcam - INFO - Unknown level '20': Detected 3 objects
2024-08-12 11:03:53,755 - cashcam - INFO - Unknown level '20': Classified 3 objects
2024-08-12 11:03:53,767 - cashcam - INFO - Unknown level '20': Exchange rates: <Future pending cb=[_chain_future.<locals>._call_check_cancel() at E:\Program Files (x86)\Python\Lib\asyncio\futures.py:387]>
2024-08-12 11:03:53,767 - cashcam - INFO - Unknown level '20': {'EUR_C_200': CurrencyInfo(quantity=1, return_currency_value=2.0), 'NIS_C_500': CurrencyInfo(quantity=1, return_currency_value=5.0)} - USD
2024-08-12 11:03:53,768 - cashcam - INFO - Unknown level '50': Error in calculating the return currency value - await wasn't used with future
2024-08-12 11:03:53,768 - cashcam - INFO - Unknown level '20': Fetching new exchange rates
2024-08-12 11:03:53,768 - cashcam - INFO - Unknown level '40': Error in prediction - Error in detecting and classifying objects - await wasn't used with future
2024-08-12 11:03:54,092 - cashcam - INFO - Unknown level '20': Successfully fetched rates for EUR
2024-08-12 11:03:54,190 - cashcam - INFO - Unknown level '20': Successfully fetched rates for USD
2024-08-12 11:03:54,288 - cashcam - INFO - Unknown level '20': Successfully fetched rates for ILS
2024-08-12 11:03:54,289 - cashcam - INFO - Unknown level '20': Exchange rates updated successfully
2024-08-12 11:03:54,289 - cashcam - INFO - Unknown level '20': Returning exchange rates - No fetch needed
2024-08-12 11:15:38,809 - cashcam - INFO - Unknown level '20': Server shut down.
2024-08-12 11:15:57,174 - cashcam - INFO - Unknown level '20': Server started.
2024-08-12 11:16:44,514 - cashcam - INFO - Unknown level '20': Detected 3 objects
2024-08-12 11:16:47,484 - cashcam - INFO - Unknown level '20': Classified 3 objects
2024-08-12 11:20:18,067 - cashcam - INFO - Unknown level '20': Server started.
2024-08-12 11:20:28,237 - cashcam - INFO - Unknown level '20': Detected 3 objects
2024-08-12 11:20:31,626 - cashcam - INFO - Unknown level '20': Classified 3 objects
2024-08-12 11:20:31,636 - cashcam - INFO - Unknown level '20': Getting exchange rates synchronously
2024-08-12 11:20:31,636 - cashcam - INFO - Unknown level '20': Using existing event loop
2024-08-12 11:25:35,092 - cashcam - INFO - Unknown level '20': Server started.
2024-08-12 11:25:41,426 - cashcam - INFO - Unknown level '20': Detected 3 objects
2024-08-12 11:25:44,643 - cashcam - INFO - Unknown level '20': Classified 3 objects
2024-08-12 11:25:44,656 - cashcam - INFO - Unknown level '20': Fetching new exchange rates
2024-08-12 11:25:44,656 - cashcam - INFO - Unknown level '50': Error in calculating the return currency value - asyncio.run() cannot be called from a running event loop
2024-08-12 11:25:44,657 - cashcam - INFO - Unknown level '40': Error in prediction - Error in detecting and classifying objects - asyncio.run() cannot be called from a running event loop
2024-08-12 11:29:36,022 - cashcam - INFO - Unknown level '20': Server shut down.
2024-08-12 11:29:43,317 - cashcam - INFO - Unknown level '20': Server started.
2024-08-12 11:29:52,444 - cashcam - INFO - Unknown level '20': Detected 3 objects
2024-08-12 11:29:55,487 - cashcam - INFO - Unknown level '20': Classified 3 objects
2024-08-12 11:29:55,498 - cashcam - INFO - Unknown level '20': Exchange rates: <coroutine object ExchangeRateService.get_exchange_rates at 0x00000229C6CCF9F0>
2024-08-12 11:29:55,498 - cashcam - INFO - Unknown level '20': {'EUR_C_200': CurrencyInfo(quantity=1, return_currency_value=2.0), 'NIS_C_500': CurrencyInfo(quantity=1, return_currency_value=5.0)} - USD
2024-08-12 11:29:55,499 - cashcam - INFO - Unknown level '50': Error in calculating the return currency value - argument of type 'coroutine' is not iterable
2024-08-12 11:29:55,499 - cashcam - INFO - Unknown level '40': Error in prediction - Error in detecting and classifying objects - argument of type 'coroutine' is not iterable
2024-08-12 11:32:08,615 - cashcam - INFO - Unknown level '20': Server shut down.
2024-08-12 11:40:38,974 - cashcam - INFO - Unknown level '20': Server started.
2024-08-12 11:40:38,974 - cashcam - INFO - Unknown level '20': Starting daily exchange rate update
2024-08-12 11:40:39,265 - cashcam - INFO - Unknown level '20': Successfully fetched rates for EUR
2024-08-12 11:40:39,370 - cashcam - INFO - Unknown level '20': Successfully fetched rates for USD
2024-08-12 11:40:39,471 - cashcam - INFO - Unknown level '20': Successfully fetched rates for ILS
2024-08-12 11:40:39,472 - cashcam - INFO - Unknown level '20': Exchange rates updated successfully: {'EUR_USD': 1.0916, 'EUR_ILS': 4.0731, 'USD_EUR': 0.9161, 'USD_ILS': 3.7345, 'ILS_EUR': 0.2455, 'ILS_USD': 0.2678}
2024-08-12 11:40:44,179 - cashcam - INFO - Unknown level '20': Detected 3 objects
2024-08-12 11:40:47,288 - cashcam - INFO - Unknown level '20': Classified 3 objects
2024-08-12 11:40:47,299 - cashcam - INFO - Unknown level '20': Using existing rates - No fetch needed
2024-08-12 11:40:47,300 - cashcam - INFO - Unknown level '20': Exchange rates: {'EUR_USD': 1.0916, 'EUR_ILS': 4.0731, 'USD_EUR': 0.9161, 'USD_ILS': 3.7345, 'ILS_EUR': 0.2455, 'ILS_USD': 0.2678}
2024-08-12 11:40:47,300 - cashcam - INFO - Unknown level '20': {'EUR_C_200': CurrencyInfo(quantity=1, return_currency_value=2.0), 'NIS_C_500': CurrencyInfo(quantity=1, return_currency_value=5.0)} - USD
2024-08-12 11:40:47,300 - cashcam - INFO - Unknown level '50': Warning: No exchange rate found for EUR_C_200 to USD
2024-08-12 11:40:47,301 - cashcam - INFO - Unknown level '50': Warning: No exchange rate found for NIS_C_500 to USD
2024-08-12 11:40:47,301 - cashcam - INFO - Unknown level '20': Calculated exchange rates
2024-08-12 11:40:47,301 - cashcam - INFO - Unknown level '20': Detected currencies with exchange rates added: {'EUR_C_200': CurrencyInfo(quantity=1, return_currency_value=0.0), 'NIS_C_500': CurrencyInfo(quantity=1, return_currency_value=0.0)}
2024-08-12 11:44:27,745 - cashcam - INFO - Unknown level '20': Server shut down.
2024-08-12 11:44:41,006 - cashcam - INFO - Unknown level '20': Server started.
2024-08-12 11:44:41,006 - cashcam - INFO - Unknown level '20': Starting daily exchange rate update
2024-08-12 11:44:41,279 - cashcam - INFO - Unknown level '20': Successfully fetched rates for EUR
2024-08-12 11:44:41,371 - cashcam - INFO - Unknown level '20': Successfully fetched rates for USD
2024-08-12 11:44:41,467 - cashcam - INFO - Unknown level '20': Successfully fetched rates for ILS
2024-08-12 11:44:41,468 - cashcam - INFO - Unknown level '20': Exchange rates updated successfully: {'EUR_USD': 1.0916, 'EUR_ILS': 4.0731, 'USD_EUR': 0.9161, 'USD_ILS': 3.7345, 'ILS_EUR': 0.2455, 'ILS_USD': 0.2678}
2024-08-12 11:44:50,719 - cashcam - INFO - Unknown level '20': Detected 3 objects
2024-08-12 11:44:53,986 - cashcam - INFO - Unknown level '20': Classified 3 objects
2024-08-12 11:44:53,998 - cashcam - INFO - Unknown level '20': Using existing rates - No fetch needed
2024-08-12 11:44:53,998 - cashcam - INFO - Unknown level '20': Exchange rates: {'EUR_USD': 1.0916, 'EUR_ILS': 4.0731, 'USD_EUR': 0.9161, 'USD_ILS': 3.7345, 'ILS_EUR': 0.2455, 'ILS_USD': 0.2678}
2024-08-12 11:44:53,999 - cashcam - INFO - Unknown level '20': {'EUR_C_200': CurrencyInfo(quantity=1, return_currency_value=2.0), 'NIS_C_500': CurrencyInfo(quantity=1, return_currency_value=5.0)} - USD
2024-08-12 11:44:53,999 - cashcam - INFO - Unknown level '20': Calculated exchange rates
2024-08-12 11:44:54,000 - cashcam - INFO - Unknown level '20': Detected currencies with exchange rates added: {'EUR': CurrencyInfo(quantity=1, return_currency_value=1.0916), 'ILS': CurrencyInfo(quantity=1, return_currency_value=0.2678)}
